<?xml version="1.0" encoding="UTF-8"?>
<!-- Generated by org.testng.reporters.JUnitXMLReporter -->
<testsuite ignored="0" hostname="LTIN186530" failures="0" tests="5" name="ChromeTest" time="87.542" errors="0" timestamp="2024-05-11T15:23:51 IST">
  <testcase classname="testCases.TC_001_WelcomeMessage" name="TestCase_001_WelcomeMessage" time="36.415"/>
  <testcase classname="testCases.TC_002_DefaultCountry" name="TestCase_002_DefaultCountry" time="0.052"/>
  <testcase classname="testCases.TC_003_DefaultLanguage" name="TestCase_003_DefaultLanguage" time="0.051"/>
  <testcase classname="testCases.TC_004_Languagelist" name="TestCase_004_Languagelist" time="5.384"/>
  <testcase classname="testCases.TC_005_Tooltips" name="TestCase_005_Tooltips" time="14.838"/>
</testsuite> <!-- ChromeTest -->
