<?xml version="1.0" encoding="UTF-8"?>
<!-- Generated by org.testng.reporters.JUnitXMLReporter -->
<testsuite ignored="0" hostname="LTIN520918" failures="1" tests="5" name="EdgeTest" time="91.702" errors="0" timestamp="2024-04-29T15:36:04 IST">
  <testcase classname="testCases.TC_001_WelcomeMessage" name="TestCase_001_WelcomeMessage" time="44.424"/>
  <testcase classname="testCases.TC_002_DefaultCountry" name="TestCase_002_DefaultCountry" time="0.062"/>
  <testcase classname="testCases.TC_003_DefaultLanguage" name="TestCase_003_DefaultLanguage" time="0.219"/>
  <testcase classname="testCases.TC_004_Languagelist" name="TestCase_004_Languagelist" time="5.655"/>
  <testcase classname="testCases.TC_005_Tooltips" name="TestCase_005_Tooltips" time="10.797">
    <failure type="java.lang.AssertionError" message="null">
      <![CDATA[java.lang.AssertionError: null
at testCases.TC_005_Tooltips.TestCase_005_Tooltips(TC_005_Tooltips.java:45)
at java.base/java.util.ArrayList.forEach(ArrayList.java:1511)
at java.base/java.util.concurrent.FutureTask.run(FutureTask.java:264)
at java.base/java.util.concurrent.ThreadPoolExecutor.runWorker(ThreadPoolExecutor.java:1136)
at java.base/java.util.concurrent.ThreadPoolExecutor$Worker.run(ThreadPoolExecutor.java:635)
at java.base/java.lang.Thread.run(Thread.java:833)
... Removed 19 stack frames]]>
    </failure>
  </testcase> <!-- TestCase_005_Tooltips -->
</testsuite> <!-- EdgeTest -->
