<?xml version="1.0" encoding="UTF-8"?>
<!-- Generated by org.testng.reporters.JUnitXMLReporter -->
<testsuite ignored="0" hostname="LTIN487021" failures="0" tests="3" name="Test" time="43.712" errors="0" timestamp="2024-03-24T13:48:29 IST">
  <testcase classname="testCases.TC_001_WelcomeMessage" name="welcomeMessage" time="25.783"/>
  <testcase classname="testCases.TC_002_DefaultCountry" name="defaultCountry" time="0.027"/>
  <testcase classname="testCases.TC_003_DefaultLanguage" name="defaultLanguage" time="0.025"/>
</testsuite> <!-- Test -->
