<?xml version="1.0" encoding="UTF-8"?>
<testng-results ignored="0" total="5" passed="5" failed="0" skipped="0">
  <reporter-output>
  </reporter-output>
  <suite started-at="2024-05-11T15:22:23 IST" name="Suite" finished-at="2024-05-11T15:23:50 IST" duration-ms="87542">
    <groups>
      <group name="regression">
        <method signature="TC_002_DefaultCountry.TestCase_002_DefaultCountry(java.lang.String)[pri:2, instance:testCases.TC_005_Tooltips@1165b38]" name="TestCase_002_DefaultCountry" class="testCases.TC_002_DefaultCountry"/>
        <method signature="TC_003_DefaultLanguage.TestCase_003_DefaultLanguage(java.lang.String)[pri:3, instance:testCases.TC_005_Tooltips@1165b38]" name="TestCase_003_DefaultLanguage" class="testCases.TC_003_DefaultLanguage"/>
        <method signature="TC_004_Languagelist.TestCase_004_Languagelist()[pri:4, instance:testCases.TC_005_Tooltips@1165b38]" name="TestCase_004_Languagelist" class="testCases.TC_004_Languagelist"/>
        <method signature="TC_005_Tooltips.TestCase_005_Tooltips(java.lang.String)[pri:5, instance:testCases.TC_005_Tooltips@1165b38]" name="TestCase_005_Tooltips" class="testCases.TC_005_Tooltips"/>
      </group> <!-- regression -->
      <group name="sanity">
        <method signature="TC_001_WelcomeMessage.TestCase_001_WelcomeMessage(java.lang.String)[pri:1, instance:testCases.TC_005_Tooltips@1165b38]" name="TestCase_001_WelcomeMessage" class="testCases.TC_001_WelcomeMessage"/>
        <method signature="TC_002_DefaultCountry.TestCase_002_DefaultCountry(java.lang.String)[pri:2, instance:testCases.TC_005_Tooltips@1165b38]" name="TestCase_002_DefaultCountry" class="testCases.TC_002_DefaultCountry"/>
        <method signature="TC_003_DefaultLanguage.TestCase_003_DefaultLanguage(java.lang.String)[pri:3, instance:testCases.TC_005_Tooltips@1165b38]" name="TestCase_003_DefaultLanguage" class="testCases.TC_003_DefaultLanguage"/>
        <method signature="TC_004_Languagelist.TestCase_004_Languagelist()[pri:4, instance:testCases.TC_005_Tooltips@1165b38]" name="TestCase_004_Languagelist" class="testCases.TC_004_Languagelist"/>
        <method signature="TC_005_Tooltips.TestCase_005_Tooltips(java.lang.String)[pri:5, instance:testCases.TC_005_Tooltips@1165b38]" name="TestCase_005_Tooltips" class="testCases.TC_005_Tooltips"/>
      </group> <!-- sanity -->
    </groups>
    <test started-at="2024-05-11T15:22:23 IST" name="ChromeTest" finished-at="2024-05-11T15:23:50 IST" duration-ms="87542">
      <class name="testCases.TC_005_Tooltips">
        <test-method is-config="true" signature="setup(java.lang.String,java.lang.String)[pri:0, instance:testCases.TC_005_Tooltips@1165b38]" started-at="2024-05-11T15:22:23 IST" name="setup" finished-at="2024-05-11T15:22:37 IST" duration-ms="13927" status="PASS">
          <params>
            <param index="0">
              <value>
                <![CDATA[chrome]]>
              </value>
            </param>
            <param index="1">
              <value>
                <![CDATA[WINDOW]]>
              </value>
            </param>
          </params>
          <reporter-output>
          </reporter-output>
        </test-method> <!-- setup -->
        <test-method signature="TestCase_001_WelcomeMessage(java.lang.String)[pri:1, instance:testCases.TC_005_Tooltips@1165b38]" started-at="2024-05-11T15:22:40 IST" name="TestCase_001_WelcomeMessage" data-provider="WelcomeMessage" finished-at="2024-05-11T15:23:17 IST" duration-ms="36415" status="PASS">
          <params>
            <param index="0">
              <value>
                <![CDATA[Welcome to the all-in-one Live Support!]]>
              </value>
            </param>
          </params>
          <reporter-output>
          </reporter-output>
        </test-method> <!-- TestCase_001_WelcomeMessage -->
        <test-method signature="TestCase_002_DefaultCountry(java.lang.String)[pri:2, instance:testCases.TC_005_Tooltips@1165b38]" started-at="2024-05-11T15:23:17 IST" name="TestCase_002_DefaultCountry" data-provider="DataCountry" finished-at="2024-05-11T15:23:17 IST" depends-on-methods="testCases.TC_001_WelcomeMessage.TestCase_001_WelcomeMessage" duration-ms="52" status="PASS">
          <params>
            <param index="0">
              <value>
                <![CDATA[India]]>
              </value>
            </param>
          </params>
          <reporter-output>
          </reporter-output>
        </test-method> <!-- TestCase_002_DefaultCountry -->
        <test-method signature="TestCase_003_DefaultLanguage(java.lang.String)[pri:3, instance:testCases.TC_005_Tooltips@1165b38]" started-at="2024-05-11T15:23:18 IST" name="TestCase_003_DefaultLanguage" data-provider="DataLanguage" finished-at="2024-05-11T15:23:18 IST" depends-on-methods="testCases.TC_002_DefaultCountry.TestCase_002_DefaultCountry, testCases.TC_001_WelcomeMessage.TestCase_001_WelcomeMessage" duration-ms="51" status="PASS">
          <params>
            <param index="0">
              <value>
                <![CDATA[English]]>
              </value>
            </param>
          </params>
          <reporter-output>
          </reporter-output>
        </test-method> <!-- TestCase_003_DefaultLanguage -->
        <test-method signature="TestCase_004_Languagelist()[pri:4, instance:testCases.TC_005_Tooltips@1165b38]" started-at="2024-05-11T15:23:18 IST" name="TestCase_004_Languagelist" finished-at="2024-05-11T15:23:23 IST" depends-on-methods="testCases.TC_003_DefaultLanguage.TestCase_003_DefaultLanguage" duration-ms="5384" status="PASS">
          <reporter-output>
          </reporter-output>
        </test-method> <!-- TestCase_004_Languagelist -->
        <test-method signature="TestCase_005_Tooltips(java.lang.String)[pri:5, instance:testCases.TC_005_Tooltips@1165b38]" started-at="2024-05-11T15:23:24 IST" name="TestCase_005_Tooltips" data-provider="Country Tooltip" finished-at="2024-05-11T15:23:38 IST" depends-on-methods="testCases.TC_004_Languagelist.TestCase_004_Languagelist" duration-ms="14838" status="PASS">
          <params>
            <param index="0">
              <value>
                <![CDATA[3]]>
              </value>
            </param>
          </params>
          <reporter-output>
          </reporter-output>
        </test-method> <!-- TestCase_005_Tooltips -->
        <test-method is-config="true" signature="tearDown()[pri:0, instance:testCases.TC_005_Tooltips@1165b38]" started-at="2024-05-11T15:23:39 IST" name="tearDown" finished-at="2024-05-11T15:23:50 IST" duration-ms="11443" status="PASS">
          <reporter-output>
          </reporter-output>
        </test-method> <!-- tearDown -->
      </class> <!-- testCases.TC_005_Tooltips -->
    </test> <!-- ChromeTest -->
  </suite> <!-- Suite -->
</testng-results>
